mul:
  coverage: 246/246
  opcode:
    coverage: 1/1
    detail:
      - mul: 140
  rs1:
    coverage: 32/32
    detail:
      - x0: 1
      - x1: 1
      - x2: 1
      - x3: 1
      - x4: 1
      - x5: 1
      - x6: 1
      - x7: 1
      - x8: 1
      - x9: 1
      - x10: 105
      - x11: 1
      - x12: 1
      - x13: 1
      - x14: 1
      - x15: 1
      - x16: 1
      - x17: 1
      - x18: 1
      - x19: 1
      - x20: 1
      - x21: 1
      - x22: 1
      - x23: 1
      - x24: 1
      - x25: 1
      - x26: 1
      - x27: 1
      - x28: 1
      - x29: 1
      - x30: 3
      - x31: 3
  rs2:
    coverage: 32/32
    detail:
      - x0: 1
      - x1: 1
      - x2: 1
      - x3: 1
      - x4: 1
      - x5: 1
      - x6: 1
      - x7: 1
      - x8: 1
      - x9: 1
      - x10: 1
      - x11: 105
      - x12: 1
      - x13: 1
      - x14: 1
      - x15: 1
      - x16: 1
      - x17: 1
      - x18: 1
      - x19: 1
      - x20: 1
      - x21: 1
      - x22: 1
      - x23: 1
      - x24: 1
      - x25: 1
      - x26: 1
      - x27: 1
      - x28: 1
      - x29: 1
      - x30: 3
      - x31: 3
  rd:
    coverage: 32/32
    detail:
      - x0: 1
      - x1: 1
      - x2: 1
      - x3: 1
      - x4: 1
      - x5: 1
      - x6: 1
      - x7: 1
      - x8: 1
      - x9: 1
      - x10: 1
      - x11: 1
      - x12: 105
      - x13: 1
      - x14: 1
      - x15: 1
      - x16: 1
      - x17: 1
      - x18: 1
      - x19: 1
      - x20: 1
      - x21: 1
      - x22: 1
      - x23: 1
      - x24: 1
      - x25: 1
      - x26: 1
      - x27: 1
      - x28: 1
      - x29: 1
      - x30: 1
      - x31: 5
  op_comb:
    coverage: 5/5
    detail:
      - rs1 == rs2 != rd: 1
      - rs1 == rd != rs2: 1
      - rs2 == rd != rs1: 1
      - rs1 == rs2 == rd: 1
      - rs1 != rs2  and rs1 != rd and rs2 != rd: 136
  val_comb:
    coverage: 144/144
    detail:
      - rs1_val > 0 and rs2_val > 0: 1
      - rs1_val > 0 and rs2_val < 0: 36
      - rs1_val < 0 and rs2_val < 0: 66
      - rs1_val < 0 and rs2_val > 0: 33
      - rs1_val == rs2_val: 3
      - rs1_val != rs2_val: 137
      - rs2_val == (-2**(xlen-1)): 1
      - rs2_val == 0: 2
      - rs2_val == (2**(xlen-1)-1): 1
      - rs2_val == 1: 1
      - rs1_val == (-2**(xlen-1)): 1
      - rs1_val == 0: 2
      - rs1_val == (2**(xlen-1)-1): 1
      - rs1_val == 1: 1
      - rs2_val == 2: 1
      - rs2_val == 4: 1
      - rs2_val == 8: 1
      - rs2_val == 16: 1
      - rs2_val == 32: 1
      - rs2_val == 64: 1
      - rs2_val == 128: 1
      - rs2_val == 256: 1
      - rs2_val == 512: 1
      - rs2_val == 1024: 1
      - rs2_val == 2048: 1
      - rs2_val == 4096: 1
      - rs2_val == 8192: 1
      - rs2_val == 16384: 1
      - rs2_val == 32768: 1
      - rs2_val == 65536: 1
      - rs2_val == 131072: 1
      - rs2_val == 262144: 1
      - rs2_val == 524288: 1
      - rs2_val == 1048576: 1
      - rs2_val == 2097152: 1
      - rs2_val == 4194304: 1
      - rs2_val == 8388608: 1
      - rs2_val == 16777216: 1
      - rs2_val == 33554432: 1
      - rs2_val == 67108864: 1
      - rs2_val == 134217728: 1
      - rs2_val == 268435456: 1
      - rs2_val == 536870912: 1
      - rs2_val == 1073741824: 1
      - rs2_val == -2147483648: 1
      - rs2_val == -2: 1
      - rs2_val == -3: 1
      - rs2_val == -5: 1
      - rs2_val == -9: 1
      - rs2_val == -17: 1
      - rs2_val == -33: 1
      - rs2_val == -65: 1
      - rs2_val == -129: 1
      - rs2_val == -257: 1
      - rs2_val == -513: 1
      - rs2_val == -1025: 1
      - rs2_val == -2049: 1
      - rs2_val == -4097: 1
      - rs2_val == -8193: 1
      - rs2_val == -16385: 1
      - rs2_val == -32769: 1
      - rs2_val == -65537: 1
      - rs2_val == -131073: 1
      - rs2_val == -262145: 1
      - rs2_val == -524289: 1
      - rs2_val == -1048577: 1
      - rs2_val == -2097153: 1
      - rs2_val == -4194305: 1
      - rs2_val == -8388609: 1
      - rs2_val == -16777217: 72
      - rs2_val == -33554433: 1
      - rs2_val == -67108865: 1
      - rs2_val == -134217729: 1
      - rs2_val == -268435457: 1
      - rs2_val == -536870913: 1
      - rs2_val == -1073741825: 1
      - rs2_val == 2147483647: 1
      - rs2_val == 1431655765: 1
      - rs2_val == -1431655766: 1
      - rs1_val == 2: 1
      - rs1_val == 4: 1
      - rs1_val == 8: 1
      - rs1_val == 16: 1
      - rs1_val == 32: 1
      - rs1_val == 64: 1
      - rs1_val == 128: 1
      - rs1_val == 256: 1
      - rs1_val == 512: 1
      - rs1_val == 1024: 1
      - rs1_val == 2048: 1
      - rs1_val == 4096: 1
      - rs1_val == 8192: 1
      - rs1_val == 16384: 1
      - rs1_val == 32768: 1
      - rs1_val == 65536: 1
      - rs1_val == 131072: 1
      - rs1_val == 262144: 1
      - rs1_val == 524288: 1
      - rs1_val == 1048576: 1
      - rs1_val == 2097152: 2
      - rs1_val == 4194304: 1
      - rs1_val == 8388608: 2
      - rs1_val == 16777216: 1
      - rs1_val == 33554432: 2
      - rs1_val == 67108864: 2
      - rs1_val == 134217728: 1
      - rs1_val == 268435456: 1
      - rs1_val == 536870912: 1
      - rs1_val == 1073741824: 1
      - rs1_val == -2147483648: 1
      - rs1_val == -2: 1
      - rs1_val == -3: 1
      - rs1_val == -5: 1
      - rs1_val == -9: 1
      - rs1_val == -17: 1
      - rs1_val == -33: 1
      - rs1_val == -65: 1
      - rs1_val == -129: 1
      - rs1_val == -257: 1
      - rs1_val == -513: 1
      - rs1_val == -1025: 1
      - rs1_val == -2049: 1
      - rs1_val == -4097: 1
      - rs1_val == -8193: 1
      - rs1_val == -16385: 1
      - rs1_val == -32769: 1
      - rs1_val == -65537: 1
      - rs1_val == -131073: 1
      - rs1_val == -262145: 1
      - rs1_val == -524289: 1
      - rs1_val == -1048577: 1
      - rs1_val == -2097153: 1
      - rs1_val == -4194305: 1
      - rs1_val == -8388609: 1
      - rs1_val == -16777217: 68
      - rs1_val == -33554433: 1
      - rs1_val == -67108865: 1
      - rs1_val == -134217729: 1
      - rs1_val == -268435457: 1
      - rs1_val == -536870913: 1
      - rs1_val == -1073741825: 1
      - rs1_val == 2147483647: 1
      - rs1_val == 1431655765: 1
      - rs1_val == -1431655766: 1
mulh:
  coverage: 246/246
  opcode:
    coverage: 1/1
    detail:
      - mulh: 140
  rs1:
    coverage: 32/32
    detail:
      - x0: 1
      - x1: 1
      - x2: 1
      - x3: 1
      - x4: 1
      - x5: 1
      - x6: 1
      - x7: 1
      - x8: 1
      - x9: 1
      - x10: 105
      - x11: 1
      - x12: 1
      - x13: 1
      - x14: 1
      - x15: 1
      - x16: 1
      - x17: 1
      - x18: 1
      - x19: 1
      - x20: 1
      - x21: 1
      - x22: 1
      - x23: 1
      - x24: 1
      - x25: 1
      - x26: 1
      - x27: 1
      - x28: 1
      - x29: 1
      - x30: 3
      - x31: 3
  rs2:
    coverage: 32/32
    detail:
      - x0: 1
      - x1: 1
      - x2: 1
      - x3: 1
      - x4: 1
      - x5: 1
      - x6: 1
      - x7: 1
      - x8: 1
      - x9: 1
      - x10: 1
      - x11: 105
      - x12: 1
      - x13: 1
      - x14: 1
      - x15: 1
      - x16: 1
      - x17: 1
      - x18: 1
      - x19: 1
      - x20: 1
      - x21: 1
      - x22: 1
      - x23: 1
      - x24: 1
      - x25: 1
      - x26: 1
      - x27: 1
      - x28: 1
      - x29: 1
      - x30: 3
      - x31: 3
  rd:
    coverage: 32/32
    detail:
      - x0: 1
      - x1: 1
      - x2: 1
      - x3: 1
      - x4: 1
      - x5: 1
      - x6: 1
      - x7: 1
      - x8: 1
      - x9: 1
      - x10: 1
      - x11: 1
      - x12: 105
      - x13: 1
      - x14: 1
      - x15: 1
      - x16: 1
      - x17: 1
      - x18: 1
      - x19: 1
      - x20: 1
      - x21: 1
      - x22: 1
      - x23: 1
      - x24: 1
      - x25: 1
      - x26: 1
      - x27: 1
      - x28: 1
      - x29: 1
      - x30: 1
      - x31: 5
  op_comb:
    coverage: 5/5
    detail:
      - rs1 == rs2 != rd: 1
      - rs1 == rd != rs2: 1
      - rs2 == rd != rs1: 1
      - rs1 == rs2 == rd: 1
      - rs1 != rs2  and rs1 != rd and rs2 != rd: 136
  val_comb:
    coverage: 144/144
    detail:
      - rs1_val > 0 and rs2_val > 0: 1
      - rs1_val > 0 and rs2_val < 0: 36
      - rs1_val < 0 and rs2_val < 0: 66
      - rs1_val < 0 and rs2_val > 0: 33
      - rs1_val == rs2_val: 3
      - rs1_val != rs2_val: 137
      - rs2_val == (-2**(xlen-1)): 1
      - rs2_val == 0: 2
      - rs2_val == (2**(xlen-1)-1): 1
      - rs2_val == 1: 1
      - rs1_val == (-2**(xlen-1)): 1
      - rs1_val == 0: 2
      - rs1_val == (2**(xlen-1)-1): 1
      - rs1_val == 1: 1
      - rs2_val == 2: 1
      - rs2_val == 4: 1
      - rs2_val == 8: 1
      - rs2_val == 16: 1
      - rs2_val == 32: 1
      - rs2_val == 64: 1
      - rs2_val == 128: 1
      - rs2_val == 256: 1
      - rs2_val == 512: 1
      - rs2_val == 1024: 1
      - rs2_val == 2048: 1
      - rs2_val == 4096: 1
      - rs2_val == 8192: 1
      - rs2_val == 16384: 1
      - rs2_val == 32768: 1
      - rs2_val == 65536: 1
      - rs2_val == 131072: 1
      - rs2_val == 262144: 1
      - rs2_val == 524288: 1
      - rs2_val == 1048576: 1
      - rs2_val == 2097152: 1
      - rs2_val == 4194304: 1
      - rs2_val == 8388608: 1
      - rs2_val == 16777216: 1
      - rs2_val == 33554432: 1
      - rs2_val == 67108864: 1
      - rs2_val == 134217728: 1
      - rs2_val == 268435456: 1
      - rs2_val == 536870912: 1
      - rs2_val == 1073741824: 1
      - rs2_val == -2147483648: 1
      - rs2_val == -2: 1
      - rs2_val == -3: 1
      - rs2_val == -5: 1
      - rs2_val == -9: 1
      - rs2_val == -17: 1
      - rs2_val == -33: 1
      - rs2_val == -65: 1
      - rs2_val == -129: 1
      - rs2_val == -257: 1
      - rs2_val == -513: 1
      - rs2_val == -1025: 1
      - rs2_val == -2049: 1
      - rs2_val == -4097: 1
      - rs2_val == -8193: 1
      - rs2_val == -16385: 1
      - rs2_val == -32769: 1
      - rs2_val == -65537: 1
      - rs2_val == -131073: 1
      - rs2_val == -262145: 1
      - rs2_val == -524289: 1
      - rs2_val == -1048577: 1
      - rs2_val == -2097153: 1
      - rs2_val == -4194305: 1
      - rs2_val == -8388609: 1
      - rs2_val == -16777217: 72
      - rs2_val == -33554433: 1
      - rs2_val == -67108865: 1
      - rs2_val == -134217729: 1
      - rs2_val == -268435457: 1
      - rs2_val == -536870913: 1
      - rs2_val == -1073741825: 1
      - rs2_val == 2147483647: 1
      - rs2_val == 1431655765: 1
      - rs2_val == -1431655766: 1
      - rs1_val == 2: 1
      - rs1_val == 4: 1
      - rs1_val == 8: 1
      - rs1_val == 16: 1
      - rs1_val == 32: 1
      - rs1_val == 64: 1
      - rs1_val == 128: 1
      - rs1_val == 256: 1
      - rs1_val == 512: 1
      - rs1_val == 1024: 1
      - rs1_val == 2048: 1
      - rs1_val == 4096: 1
      - rs1_val == 8192: 1
      - rs1_val == 16384: 1
      - rs1_val == 32768: 1
      - rs1_val == 65536: 1
      - rs1_val == 131072: 1
      - rs1_val == 262144: 1
      - rs1_val == 524288: 1
      - rs1_val == 1048576: 1
      - rs1_val == 2097152: 2
      - rs1_val == 4194304: 1
      - rs1_val == 8388608: 2
      - rs1_val == 16777216: 1
      - rs1_val == 33554432: 2
      - rs1_val == 67108864: 2
      - rs1_val == 134217728: 1
      - rs1_val == 268435456: 1
      - rs1_val == 536870912: 1
      - rs1_val == 1073741824: 1
      - rs1_val == -2147483648: 1
      - rs1_val == -2: 1
      - rs1_val == -3: 1
      - rs1_val == -5: 1
      - rs1_val == -9: 1
      - rs1_val == -17: 1
      - rs1_val == -33: 1
      - rs1_val == -65: 1
      - rs1_val == -129: 1
      - rs1_val == -257: 1
      - rs1_val == -513: 1
      - rs1_val == -1025: 1
      - rs1_val == -2049: 1
      - rs1_val == -4097: 1
      - rs1_val == -8193: 1
      - rs1_val == -16385: 1
      - rs1_val == -32769: 1
      - rs1_val == -65537: 1
      - rs1_val == -131073: 1
      - rs1_val == -262145: 1
      - rs1_val == -524289: 1
      - rs1_val == -1048577: 1
      - rs1_val == -2097153: 1
      - rs1_val == -4194305: 1
      - rs1_val == -8388609: 1
      - rs1_val == -16777217: 68
      - rs1_val == -33554433: 1
      - rs1_val == -67108865: 1
      - rs1_val == -134217729: 1
      - rs1_val == -268435457: 1
      - rs1_val == -536870913: 1
      - rs1_val == -1073741825: 1
      - rs1_val == 2147483647: 1
      - rs1_val == 1431655765: 1
      - rs1_val == -1431655766: 1
mulhu:
  coverage: 246/246
  opcode:
    coverage: 1/1
    detail:
      - mulhu: 140
  rs1:
    coverage: 32/32
    detail:
      - x0: 1
      - x1: 1
      - x2: 1
      - x3: 1
      - x4: 1
      - x5: 1
      - x6: 1
      - x7: 1
      - x8: 1
      - x9: 1
      - x10: 105
      - x11: 1
      - x12: 1
      - x13: 1
      - x14: 1
      - x15: 1
      - x16: 1
      - x17: 1
      - x18: 1
      - x19: 1
      - x20: 1
      - x21: 1
      - x22: 1
      - x23: 1
      - x24: 1
      - x25: 1
      - x26: 1
      - x27: 1
      - x28: 1
      - x29: 1
      - x30: 3
      - x31: 3
  rs2:
    coverage: 32/32
    detail:
      - x0: 1
      - x1: 1
      - x2: 1
      - x3: 1
      - x4: 1
      - x5: 1
      - x6: 1
      - x7: 1
      - x8: 1
      - x9: 1
      - x10: 1
      - x11: 105
      - x12: 1
      - x13: 1
      - x14: 1
      - x15: 1
      - x16: 1
      - x17: 1
      - x18: 1
      - x19: 1
      - x20: 1
      - x21: 1
      - x22: 1
      - x23: 1
      - x24: 1
      - x25: 1
      - x26: 1
      - x27: 1
      - x28: 1
      - x29: 1
      - x30: 3
      - x31: 3
  rd:
    coverage: 32/32
    detail:
      - x0: 1
      - x1: 1
      - x2: 1
      - x3: 1
      - x4: 1
      - x5: 1
      - x6: 1
      - x7: 1
      - x8: 1
      - x9: 1
      - x10: 1
      - x11: 1
      - x12: 105
      - x13: 1
      - x14: 1
      - x15: 1
      - x16: 1
      - x17: 1
      - x18: 1
      - x19: 1
      - x20: 1
      - x21: 1
      - x22: 1
      - x23: 1
      - x24: 1
      - x25: 1
      - x26: 1
      - x27: 1
      - x28: 1
      - x29: 1
      - x30: 1
      - x31: 5
  op_comb:
    coverage: 5/5
    detail:
      - rs1 == rs2 != rd: 1
      - rs1 == rd != rs2: 1
      - rs2 == rd != rs1: 1
      - rs1 == rs2 == rd: 1
      - rs1 != rs2  and rs1 != rd and rs2 != rd: 136
  val_comb:
    coverage: 144/144
    detail:
      - rs1_val > 0 and rs2_val > 0: 1
      - rs1_val > 0 and rs2_val < 0: 36
      - rs1_val < 0 and rs2_val < 0: 66
      - rs1_val < 0 and rs2_val > 0: 33
      - rs1_val == rs2_val: 3
      - rs1_val != rs2_val: 137
      - rs2_val == (-2**(xlen-1)): 1
      - rs2_val == 0: 2
      - rs2_val == (2**(xlen-1)-1): 1
      - rs2_val == 1: 1
      - rs1_val == (-2**(xlen-1)): 1
      - rs1_val == 0: 2
      - rs1_val == (2**(xlen-1)-1): 1
      - rs1_val == 1: 1
      - rs2_val == 2: 1
      - rs2_val == 4: 1
      - rs2_val == 8: 1
      - rs2_val == 16: 1
      - rs2_val == 32: 1
      - rs2_val == 64: 1
      - rs2_val == 128: 1
      - rs2_val == 256: 1
      - rs2_val == 512: 1
      - rs2_val == 1024: 1
      - rs2_val == 2048: 1
      - rs2_val == 4096: 1
      - rs2_val == 8192: 1
      - rs2_val == 16384: 1
      - rs2_val == 32768: 1
      - rs2_val == 65536: 1
      - rs2_val == 131072: 1
      - rs2_val == 262144: 1
      - rs2_val == 524288: 1
      - rs2_val == 1048576: 1
      - rs2_val == 2097152: 1
      - rs2_val == 4194304: 1
      - rs2_val == 8388608: 1
      - rs2_val == 16777216: 1
      - rs2_val == 33554432: 1
      - rs2_val == 67108864: 1
      - rs2_val == 134217728: 1
      - rs2_val == 268435456: 1
      - rs2_val == 536870912: 1
      - rs2_val == 1073741824: 1
      - rs2_val == -2147483648: 1
      - rs2_val == -2: 1
      - rs2_val == -3: 1
      - rs2_val == -5: 1
      - rs2_val == -9: 1
      - rs2_val == -17: 1
      - rs2_val == -33: 1
      - rs2_val == -65: 1
      - rs2_val == -129: 1
      - rs2_val == -257: 1
      - rs2_val == -513: 1
      - rs2_val == -1025: 1
      - rs2_val == -2049: 1
      - rs2_val == -4097: 1
      - rs2_val == -8193: 1
      - rs2_val == -16385: 1
      - rs2_val == -32769: 1
      - rs2_val == -65537: 1
      - rs2_val == -131073: 1
      - rs2_val == -262145: 1
      - rs2_val == -524289: 1
      - rs2_val == -1048577: 1
      - rs2_val == -2097153: 1
      - rs2_val == -4194305: 1
      - rs2_val == -8388609: 1
      - rs2_val == -16777217: 72
      - rs2_val == -33554433: 1
      - rs2_val == -67108865: 1
      - rs2_val == -134217729: 1
      - rs2_val == -268435457: 1
      - rs2_val == -536870913: 1
      - rs2_val == -1073741825: 1
      - rs2_val == 2147483647: 1
      - rs2_val == 1431655765: 1
      - rs2_val == -1431655766: 1
      - rs1_val == 2: 1
      - rs1_val == 4: 1
      - rs1_val == 8: 1
      - rs1_val == 16: 1
      - rs1_val == 32: 1
      - rs1_val == 64: 1
      - rs1_val == 128: 1
      - rs1_val == 256: 1
      - rs1_val == 512: 1
      - rs1_val == 1024: 1
      - rs1_val == 2048: 1
      - rs1_val == 4096: 1
      - rs1_val == 8192: 1
      - rs1_val == 16384: 1
      - rs1_val == 32768: 1
      - rs1_val == 65536: 1
      - rs1_val == 131072: 1
      - rs1_val == 262144: 1
      - rs1_val == 524288: 1
      - rs1_val == 1048576: 1
      - rs1_val == 2097152: 2
      - rs1_val == 4194304: 1
      - rs1_val == 8388608: 2
      - rs1_val == 16777216: 1
      - rs1_val == 33554432: 2
      - rs1_val == 67108864: 2
      - rs1_val == 134217728: 1
      - rs1_val == 268435456: 1
      - rs1_val == 536870912: 1
      - rs1_val == 1073741824: 1
      - rs1_val == -2147483648: 1
      - rs1_val == -2: 1
      - rs1_val == -3: 1
      - rs1_val == -5: 1
      - rs1_val == -9: 1
      - rs1_val == -17: 1
      - rs1_val == -33: 1
      - rs1_val == -65: 1
      - rs1_val == -129: 1
      - rs1_val == -257: 1
      - rs1_val == -513: 1
      - rs1_val == -1025: 1
      - rs1_val == -2049: 1
      - rs1_val == -4097: 1
      - rs1_val == -8193: 1
      - rs1_val == -16385: 1
      - rs1_val == -32769: 1
      - rs1_val == -65537: 1
      - rs1_val == -131073: 1
      - rs1_val == -262145: 1
      - rs1_val == -524289: 1
      - rs1_val == -1048577: 1
      - rs1_val == -2097153: 1
      - rs1_val == -4194305: 1
      - rs1_val == -8388609: 1
      - rs1_val == -16777217: 68
      - rs1_val == -33554433: 1
      - rs1_val == -67108865: 1
      - rs1_val == -134217729: 1
      - rs1_val == -268435457: 1
      - rs1_val == -536870913: 1
      - rs1_val == -1073741825: 1
      - rs1_val == 2147483647: 1
      - rs1_val == 1431655765: 1
      - rs1_val == -1431655766: 1
mulhsu:
  coverage: 246/246
  opcode:
    coverage: 1/1
    detail:
      - mulhsu: 140
  rs1:
    coverage: 32/32
    detail:
      - x0: 1
      - x1: 1
      - x2: 1
      - x3: 1
      - x4: 1
      - x5: 1
      - x6: 1
      - x7: 1
      - x8: 1
      - x9: 1
      - x10: 105
      - x11: 1
      - x12: 1
      - x13: 1
      - x14: 1
      - x15: 1
      - x16: 1
      - x17: 1
      - x18: 1
      - x19: 1
      - x20: 1
      - x21: 1
      - x22: 1
      - x23: 1
      - x24: 1
      - x25: 1
      - x26: 1
      - x27: 1
      - x28: 1
      - x29: 1
      - x30: 3
      - x31: 3
  rs2:
    coverage: 32/32
    detail:
      - x0: 1
      - x1: 1
      - x2: 1
      - x3: 1
      - x4: 1
      - x5: 1
      - x6: 1
      - x7: 1
      - x8: 1
      - x9: 1
      - x10: 1
      - x11: 105
      - x12: 1
      - x13: 1
      - x14: 1
      - x15: 1
      - x16: 1
      - x17: 1
      - x18: 1
      - x19: 1
      - x20: 1
      - x21: 1
      - x22: 1
      - x23: 1
      - x24: 1
      - x25: 1
      - x26: 1
      - x27: 1
      - x28: 1
      - x29: 1
      - x30: 3
      - x31: 3
  rd:
    coverage: 32/32
    detail:
      - x0: 1
      - x1: 1
      - x2: 1
      - x3: 1
      - x4: 1
      - x5: 1
      - x6: 1
      - x7: 1
      - x8: 1
      - x9: 1
      - x10: 1
      - x11: 1
      - x12: 105
      - x13: 1
      - x14: 1
      - x15: 1
      - x16: 1
      - x17: 1
      - x18: 1
      - x19: 1
      - x20: 1
      - x21: 1
      - x22: 1
      - x23: 1
      - x24: 1
      - x25: 1
      - x26: 1
      - x27: 1
      - x28: 1
      - x29: 1
      - x30: 1
      - x31: 5
  op_comb:
    coverage: 5/5
    detail:
      - rs1 == rs2 != rd: 1
      - rs1 == rd != rs2: 1
      - rs2 == rd != rs1: 1
      - rs1 == rs2 == rd: 1
      - rs1 != rs2  and rs1 != rd and rs2 != rd: 136
  val_comb:
    coverage: 144/144
    detail:
      - rs1_val > 0 and rs2_val > 0: 1
      - rs1_val > 0 and rs2_val < 0: 36
      - rs1_val < 0 and rs2_val < 0: 66
      - rs1_val < 0 and rs2_val > 0: 33
      - rs1_val == rs2_val: 3
      - rs1_val != rs2_val: 137
      - rs2_val == (-2**(xlen-1)): 1
      - rs2_val == 0: 2
      - rs2_val == (2**(xlen-1)-1): 1
      - rs2_val == 1: 1
      - rs1_val == (-2**(xlen-1)): 1
      - rs1_val == 0: 2
      - rs1_val == (2**(xlen-1)-1): 1
      - rs1_val == 1: 1
      - rs2_val == 2: 1
      - rs2_val == 4: 1
      - rs2_val == 8: 1
      - rs2_val == 16: 1
      - rs2_val == 32: 1
      - rs2_val == 64: 1
      - rs2_val == 128: 1
      - rs2_val == 256: 1
      - rs2_val == 512: 1
      - rs2_val == 1024: 1
      - rs2_val == 2048: 1
      - rs2_val == 4096: 1
      - rs2_val == 8192: 1
      - rs2_val == 16384: 1
      - rs2_val == 32768: 1
      - rs2_val == 65536: 1
      - rs2_val == 131072: 1
      - rs2_val == 262144: 1
      - rs2_val == 524288: 1
      - rs2_val == 1048576: 1
      - rs2_val == 2097152: 1
      - rs2_val == 4194304: 1
      - rs2_val == 8388608: 1
      - rs2_val == 16777216: 1
      - rs2_val == 33554432: 1
      - rs2_val == 67108864: 1
      - rs2_val == 134217728: 1
      - rs2_val == 268435456: 1
      - rs2_val == 536870912: 1
      - rs2_val == 1073741824: 1
      - rs2_val == -2147483648: 1
      - rs2_val == -2: 1
      - rs2_val == -3: 1
      - rs2_val == -5: 1
      - rs2_val == -9: 1
      - rs2_val == -17: 1
      - rs2_val == -33: 1
      - rs2_val == -65: 1
      - rs2_val == -129: 1
      - rs2_val == -257: 1
      - rs2_val == -513: 1
      - rs2_val == -1025: 1
      - rs2_val == -2049: 1
      - rs2_val == -4097: 1
      - rs2_val == -8193: 1
      - rs2_val == -16385: 1
      - rs2_val == -32769: 1
      - rs2_val == -65537: 1
      - rs2_val == -131073: 1
      - rs2_val == -262145: 1
      - rs2_val == -524289: 1
      - rs2_val == -1048577: 1
      - rs2_val == -2097153: 1
      - rs2_val == -4194305: 1
      - rs2_val == -8388609: 1
      - rs2_val == -16777217: 72
      - rs2_val == -33554433: 1
      - rs2_val == -67108865: 1
      - rs2_val == -134217729: 1
      - rs2_val == -268435457: 1
      - rs2_val == -536870913: 1
      - rs2_val == -1073741825: 1
      - rs2_val == 2147483647: 1
      - rs2_val == 1431655765: 1
      - rs2_val == -1431655766: 1
      - rs1_val == 2: 1
      - rs1_val == 4: 1
      - rs1_val == 8: 1
      - rs1_val == 16: 1
      - rs1_val == 32: 1
      - rs1_val == 64: 1
      - rs1_val == 128: 1
      - rs1_val == 256: 1
      - rs1_val == 512: 1
      - rs1_val == 1024: 1
      - rs1_val == 2048: 1
      - rs1_val == 4096: 1
      - rs1_val == 8192: 1
      - rs1_val == 16384: 1
      - rs1_val == 32768: 1
      - rs1_val == 65536: 1
      - rs1_val == 131072: 1
      - rs1_val == 262144: 1
      - rs1_val == 524288: 1
      - rs1_val == 1048576: 1
      - rs1_val == 2097152: 2
      - rs1_val == 4194304: 1
      - rs1_val == 8388608: 2
      - rs1_val == 16777216: 1
      - rs1_val == 33554432: 2
      - rs1_val == 67108864: 2
      - rs1_val == 134217728: 1
      - rs1_val == 268435456: 1
      - rs1_val == 536870912: 1
      - rs1_val == 1073741824: 1
      - rs1_val == -2147483648: 1
      - rs1_val == -2: 1
      - rs1_val == -3: 1
      - rs1_val == -5: 1
      - rs1_val == -9: 1
      - rs1_val == -17: 1
      - rs1_val == -33: 1
      - rs1_val == -65: 1
      - rs1_val == -129: 1
      - rs1_val == -257: 1
      - rs1_val == -513: 1
      - rs1_val == -1025: 1
      - rs1_val == -2049: 1
      - rs1_val == -4097: 1
      - rs1_val == -8193: 1
      - rs1_val == -16385: 1
      - rs1_val == -32769: 1
      - rs1_val == -65537: 1
      - rs1_val == -131073: 1
      - rs1_val == -262145: 1
      - rs1_val == -524289: 1
      - rs1_val == -1048577: 1
      - rs1_val == -2097153: 1
      - rs1_val == -4194305: 1
      - rs1_val == -8388609: 1
      - rs1_val == -16777217: 68
      - rs1_val == -33554433: 1
      - rs1_val == -67108865: 1
      - rs1_val == -134217729: 1
      - rs1_val == -268435457: 1
      - rs1_val == -536870913: 1
      - rs1_val == -1073741825: 1
      - rs1_val == 2147483647: 1
      - rs1_val == 1431655765: 1
      - rs1_val == -1431655766: 1
div:
  coverage: 246/246
  opcode:
    coverage: 1/1
    detail:
      - div: 140
  rs1:
    coverage: 32/32
    detail:
      - x0: 1
      - x1: 1
      - x2: 1
      - x3: 1
      - x4: 1
      - x5: 1
      - x6: 1
      - x7: 1
      - x8: 1
      - x9: 1
      - x10: 105
      - x11: 1
      - x12: 1
      - x13: 1
      - x14: 1
      - x15: 1
      - x16: 1
      - x17: 1
      - x18: 1
      - x19: 1
      - x20: 1
      - x21: 1
      - x22: 1
      - x23: 1
      - x24: 1
      - x25: 1
      - x26: 1
      - x27: 1
      - x28: 1
      - x29: 1
      - x30: 3
      - x31: 3
  rs2:
    coverage: 32/32
    detail:
      - x0: 1
      - x1: 1
      - x2: 1
      - x3: 1
      - x4: 1
      - x5: 1
      - x6: 1
      - x7: 1
      - x8: 1
      - x9: 1
      - x10: 1
      - x11: 105
      - x12: 1
      - x13: 1
      - x14: 1
      - x15: 1
      - x16: 1
      - x17: 1
      - x18: 1
      - x19: 1
      - x20: 1
      - x21: 1
      - x22: 1
      - x23: 1
      - x24: 1
      - x25: 1
      - x26: 1
      - x27: 1
      - x28: 1
      - x29: 1
      - x30: 3
      - x31: 3
  rd:
    coverage: 32/32
    detail:
      - x0: 1
      - x1: 1
      - x2: 1
      - x3: 1
      - x4: 1
      - x5: 1
      - x6: 1
      - x7: 1
      - x8: 1
      - x9: 1
      - x10: 1
      - x11: 1
      - x12: 105
      - x13: 1
      - x14: 1
      - x15: 1
      - x16: 1
      - x17: 1
      - x18: 1
      - x19: 1
      - x20: 1
      - x21: 1
      - x22: 1
      - x23: 1
      - x24: 1
      - x25: 1
      - x26: 1
      - x27: 1
      - x28: 1
      - x29: 1
      - x30: 1
      - x31: 5
  op_comb:
    coverage: 5/5
    detail:
      - rs1 == rs2 != rd: 1
      - rs1 == rd != rs2: 1
      - rs2 == rd != rs1: 1
      - rs1 == rs2 == rd: 1
      - rs1 != rs2  and rs1 != rd and rs2 != rd: 136
  val_comb:
    coverage: 144/144
    detail:
      - rs1_val > 0 and rs2_val > 0: 1
      - rs1_val > 0 and rs2_val < 0: 36
      - rs1_val < 0 and rs2_val < 0: 66
      - rs1_val < 0 and rs2_val > 0: 33
      - rs1_val == rs2_val: 3
      - rs1_val != rs2_val: 137
      - rs2_val == (-2**(xlen-1)): 1
      - rs2_val == 0: 2
      - rs2_val == (2**(xlen-1)-1): 1
      - rs2_val == 1: 1
      - rs1_val == (-2**(xlen-1)): 1
      - rs1_val == 0: 2
      - rs1_val == (2**(xlen-1)-1): 1
      - rs1_val == 1: 1
      - rs2_val == 2: 1
      - rs2_val == 4: 1
      - rs2_val == 8: 1
      - rs2_val == 16: 1
      - rs2_val == 32: 1
      - rs2_val == 64: 1
      - rs2_val == 128: 1
      - rs2_val == 256: 1
      - rs2_val == 512: 1
      - rs2_val == 1024: 1
      - rs2_val == 2048: 1
      - rs2_val == 4096: 1
      - rs2_val == 8192: 1
      - rs2_val == 16384: 1
      - rs2_val == 32768: 1
      - rs2_val == 65536: 1
      - rs2_val == 131072: 1
      - rs2_val == 262144: 1
      - rs2_val == 524288: 1
      - rs2_val == 1048576: 1
      - rs2_val == 2097152: 1
      - rs2_val == 4194304: 1
      - rs2_val == 8388608: 1
      - rs2_val == 16777216: 1
      - rs2_val == 33554432: 1
      - rs2_val == 67108864: 1
      - rs2_val == 134217728: 1
      - rs2_val == 268435456: 1
      - rs2_val == 536870912: 1
      - rs2_val == 1073741824: 1
      - rs2_val == -2147483648: 1
      - rs2_val == -2: 1
      - rs2_val == -3: 1
      - rs2_val == -5: 1
      - rs2_val == -9: 1
      - rs2_val == -17: 1
      - rs2_val == -33: 1
      - rs2_val == -65: 1
      - rs2_val == -129: 1
      - rs2_val == -257: 1
      - rs2_val == -513: 1
      - rs2_val == -1025: 1
      - rs2_val == -2049: 1
      - rs2_val == -4097: 1
      - rs2_val == -8193: 1
      - rs2_val == -16385: 1
      - rs2_val == -32769: 1
      - rs2_val == -65537: 1
      - rs2_val == -131073: 1
      - rs2_val == -262145: 1
      - rs2_val == -524289: 1
      - rs2_val == -1048577: 1
      - rs2_val == -2097153: 1
      - rs2_val == -4194305: 1
      - rs2_val == -8388609: 1
      - rs2_val == -16777217: 72
      - rs2_val == -33554433: 1
      - rs2_val == -67108865: 1
      - rs2_val == -134217729: 1
      - rs2_val == -268435457: 1
      - rs2_val == -536870913: 1
      - rs2_val == -1073741825: 1
      - rs2_val == 2147483647: 1
      - rs2_val == 1431655765: 1
      - rs2_val == -1431655766: 1
      - rs1_val == 2: 1
      - rs1_val == 4: 1
      - rs1_val == 8: 1
      - rs1_val == 16: 1
      - rs1_val == 32: 1
      - rs1_val == 64: 1
      - rs1_val == 128: 1
      - rs1_val == 256: 1
      - rs1_val == 512: 1
      - rs1_val == 1024: 1
      - rs1_val == 2048: 1
      - rs1_val == 4096: 1
      - rs1_val == 8192: 1
      - rs1_val == 16384: 1
      - rs1_val == 32768: 1
      - rs1_val == 65536: 1
      - rs1_val == 131072: 1
      - rs1_val == 262144: 1
      - rs1_val == 524288: 1
      - rs1_val == 1048576: 1
      - rs1_val == 2097152: 2
      - rs1_val == 4194304: 1
      - rs1_val == 8388608: 2
      - rs1_val == 16777216: 1
      - rs1_val == 33554432: 2
      - rs1_val == 67108864: 2
      - rs1_val == 134217728: 1
      - rs1_val == 268435456: 1
      - rs1_val == 536870912: 1
      - rs1_val == 1073741824: 1
      - rs1_val == -2147483648: 1
      - rs1_val == -2: 1
      - rs1_val == -3: 1
      - rs1_val == -5: 1
      - rs1_val == -9: 1
      - rs1_val == -17: 1
      - rs1_val == -33: 1
      - rs1_val == -65: 1
      - rs1_val == -129: 1
      - rs1_val == -257: 1
      - rs1_val == -513: 1
      - rs1_val == -1025: 1
      - rs1_val == -2049: 1
      - rs1_val == -4097: 1
      - rs1_val == -8193: 1
      - rs1_val == -16385: 1
      - rs1_val == -32769: 1
      - rs1_val == -65537: 1
      - rs1_val == -131073: 1
      - rs1_val == -262145: 1
      - rs1_val == -524289: 1
      - rs1_val == -1048577: 1
      - rs1_val == -2097153: 1
      - rs1_val == -4194305: 1
      - rs1_val == -8388609: 1
      - rs1_val == -16777217: 68
      - rs1_val == -33554433: 1
      - rs1_val == -67108865: 1
      - rs1_val == -134217729: 1
      - rs1_val == -268435457: 1
      - rs1_val == -536870913: 1
      - rs1_val == -1073741825: 1
      - rs1_val == 2147483647: 1
      - rs1_val == 1431655765: 1
      - rs1_val == -1431655766: 1
divu:
  coverage: 246/246
  opcode:
    coverage: 1/1
    detail:
      - divu: 140
  rs1:
    coverage: 32/32
    detail:
      - x0: 1
      - x1: 1
      - x2: 1
      - x3: 1
      - x4: 1
      - x5: 1
      - x6: 1
      - x7: 1
      - x8: 1
      - x9: 1
      - x10: 105
      - x11: 1
      - x12: 1
      - x13: 1
      - x14: 1
      - x15: 1
      - x16: 1
      - x17: 1
      - x18: 1
      - x19: 1
      - x20: 1
      - x21: 1
      - x22: 1
      - x23: 1
      - x24: 1
      - x25: 1
      - x26: 1
      - x27: 1
      - x28: 1
      - x29: 1
      - x30: 3
      - x31: 3
  rs2:
    coverage: 32/32
    detail:
      - x0: 1
      - x1: 1
      - x2: 1
      - x3: 1
      - x4: 1
      - x5: 1
      - x6: 1
      - x7: 1
      - x8: 1
      - x9: 1
      - x10: 1
      - x11: 105
      - x12: 1
      - x13: 1
      - x14: 1
      - x15: 1
      - x16: 1
      - x17: 1
      - x18: 1
      - x19: 1
      - x20: 1
      - x21: 1
      - x22: 1
      - x23: 1
      - x24: 1
      - x25: 1
      - x26: 1
      - x27: 1
      - x28: 1
      - x29: 1
      - x30: 3
      - x31: 3
  rd:
    coverage: 32/32
    detail:
      - x0: 1
      - x1: 1
      - x2: 1
      - x3: 1
      - x4: 1
      - x5: 1
      - x6: 1
      - x7: 1
      - x8: 1
      - x9: 1
      - x10: 1
      - x11: 1
      - x12: 105
      - x13: 1
      - x14: 1
      - x15: 1
      - x16: 1
      - x17: 1
      - x18: 1
      - x19: 1
      - x20: 1
      - x21: 1
      - x22: 1
      - x23: 1
      - x24: 1
      - x25: 1
      - x26: 1
      - x27: 1
      - x28: 1
      - x29: 1
      - x30: 1
      - x31: 5
  op_comb:
    coverage: 5/5
    detail:
      - rs1 == rs2 != rd: 1
      - rs1 == rd != rs2: 1
      - rs2 == rd != rs1: 1
      - rs1 == rs2 == rd: 1
      - rs1 != rs2  and rs1 != rd and rs2 != rd: 136
  val_comb:
    coverage: 144/144
    detail:
      - rs1_val > 0 and rs2_val > 0: 1
      - rs1_val > 0 and rs2_val < 0: 36
      - rs1_val < 0 and rs2_val < 0: 66
      - rs1_val < 0 and rs2_val > 0: 33
      - rs1_val == rs2_val: 3
      - rs1_val != rs2_val: 137
      - rs2_val == (-2**(xlen-1)): 1
      - rs2_val == 0: 2
      - rs2_val == (2**(xlen-1)-1): 1
      - rs2_val == 1: 1
      - rs1_val == (-2**(xlen-1)): 1
      - rs1_val == 0: 2
      - rs1_val == (2**(xlen-1)-1): 1
      - rs1_val == 1: 1
      - rs2_val == 2: 1
      - rs2_val == 4: 1
      - rs2_val == 8: 1
      - rs2_val == 16: 1
      - rs2_val == 32: 1
      - rs2_val == 64: 1
      - rs2_val == 128: 1
      - rs2_val == 256: 1
      - rs2_val == 512: 1
      - rs2_val == 1024: 1
      - rs2_val == 2048: 1
      - rs2_val == 4096: 1
      - rs2_val == 8192: 1
      - rs2_val == 16384: 1
      - rs2_val == 32768: 1
      - rs2_val == 65536: 1
      - rs2_val == 131072: 1
      - rs2_val == 262144: 1
      - rs2_val == 524288: 1
      - rs2_val == 1048576: 1
      - rs2_val == 2097152: 1
      - rs2_val == 4194304: 1
      - rs2_val == 8388608: 1
      - rs2_val == 16777216: 1
      - rs2_val == 33554432: 1
      - rs2_val == 67108864: 1
      - rs2_val == 134217728: 1
      - rs2_val == 268435456: 1
      - rs2_val == 536870912: 1
      - rs2_val == 1073741824: 1
      - rs2_val == -2147483648: 1
      - rs2_val == -2: 1
      - rs2_val == -3: 1
      - rs2_val == -5: 1
      - rs2_val == -9: 1
      - rs2_val == -17: 1
      - rs2_val == -33: 1
      - rs2_val == -65: 1
      - rs2_val == -129: 1
      - rs2_val == -257: 1
      - rs2_val == -513: 1
      - rs2_val == -1025: 1
      - rs2_val == -2049: 1
      - rs2_val == -4097: 1
      - rs2_val == -8193: 1
      - rs2_val == -16385: 1
      - rs2_val == -32769: 1
      - rs2_val == -65537: 1
      - rs2_val == -131073: 1
      - rs2_val == -262145: 1
      - rs2_val == -524289: 1
      - rs2_val == -1048577: 1
      - rs2_val == -2097153: 1
      - rs2_val == -4194305: 1
      - rs2_val == -8388609: 1
      - rs2_val == -16777217: 72
      - rs2_val == -33554433: 1
      - rs2_val == -67108865: 1
      - rs2_val == -134217729: 1
      - rs2_val == -268435457: 1
      - rs2_val == -536870913: 1
      - rs2_val == -1073741825: 1
      - rs2_val == 2147483647: 1
      - rs2_val == 1431655765: 1
      - rs2_val == -1431655766: 1
      - rs1_val == 2: 1
      - rs1_val == 4: 1
      - rs1_val == 8: 1
      - rs1_val == 16: 1
      - rs1_val == 32: 1
      - rs1_val == 64: 1
      - rs1_val == 128: 1
      - rs1_val == 256: 1
      - rs1_val == 512: 1
      - rs1_val == 1024: 1
      - rs1_val == 2048: 1
      - rs1_val == 4096: 1
      - rs1_val == 8192: 1
      - rs1_val == 16384: 1
      - rs1_val == 32768: 1
      - rs1_val == 65536: 1
      - rs1_val == 131072: 1
      - rs1_val == 262144: 1
      - rs1_val == 524288: 1
      - rs1_val == 1048576: 1
      - rs1_val == 2097152: 2
      - rs1_val == 4194304: 1
      - rs1_val == 8388608: 2
      - rs1_val == 16777216: 1
      - rs1_val == 33554432: 2
      - rs1_val == 67108864: 2
      - rs1_val == 134217728: 1
      - rs1_val == 268435456: 1
      - rs1_val == 536870912: 1
      - rs1_val == 1073741824: 1
      - rs1_val == -2147483648: 1
      - rs1_val == -2: 1
      - rs1_val == -3: 1
      - rs1_val == -5: 1
      - rs1_val == -9: 1
      - rs1_val == -17: 1
      - rs1_val == -33: 1
      - rs1_val == -65: 1
      - rs1_val == -129: 1
      - rs1_val == -257: 1
      - rs1_val == -513: 1
      - rs1_val == -1025: 1
      - rs1_val == -2049: 1
      - rs1_val == -4097: 1
      - rs1_val == -8193: 1
      - rs1_val == -16385: 1
      - rs1_val == -32769: 1
      - rs1_val == -65537: 1
      - rs1_val == -131073: 1
      - rs1_val == -262145: 1
      - rs1_val == -524289: 1
      - rs1_val == -1048577: 1
      - rs1_val == -2097153: 1
      - rs1_val == -4194305: 1
      - rs1_val == -8388609: 1
      - rs1_val == -16777217: 68
      - rs1_val == -33554433: 1
      - rs1_val == -67108865: 1
      - rs1_val == -134217729: 1
      - rs1_val == -268435457: 1
      - rs1_val == -536870913: 1
      - rs1_val == -1073741825: 1
      - rs1_val == 2147483647: 1
      - rs1_val == 1431655765: 1
      - rs1_val == -1431655766: 1
rem:
  coverage: 246/246
  opcode:
    coverage: 1/1
    detail:
      - rem: 140
  rs1:
    coverage: 32/32
    detail:
      - x0: 1
      - x1: 1
      - x2: 1
      - x3: 1
      - x4: 1
      - x5: 1
      - x6: 1
      - x7: 1
      - x8: 1
      - x9: 1
      - x10: 105
      - x11: 1
      - x12: 1
      - x13: 1
      - x14: 1
      - x15: 1
      - x16: 1
      - x17: 1
      - x18: 1
      - x19: 1
      - x20: 1
      - x21: 1
      - x22: 1
      - x23: 1
      - x24: 1
      - x25: 1
      - x26: 1
      - x27: 1
      - x28: 1
      - x29: 1
      - x30: 3
      - x31: 3
  rs2:
    coverage: 32/32
    detail:
      - x0: 1
      - x1: 1
      - x2: 1
      - x3: 1
      - x4: 1
      - x5: 1
      - x6: 1
      - x7: 1
      - x8: 1
      - x9: 1
      - x10: 1
      - x11: 105
      - x12: 1
      - x13: 1
      - x14: 1
      - x15: 1
      - x16: 1
      - x17: 1
      - x18: 1
      - x19: 1
      - x20: 1
      - x21: 1
      - x22: 1
      - x23: 1
      - x24: 1
      - x25: 1
      - x26: 1
      - x27: 1
      - x28: 1
      - x29: 1
      - x30: 3
      - x31: 3
  rd:
    coverage: 32/32
    detail:
      - x0: 1
      - x1: 1
      - x2: 1
      - x3: 1
      - x4: 1
      - x5: 1
      - x6: 1
      - x7: 1
      - x8: 1
      - x9: 1
      - x10: 1
      - x11: 1
      - x12: 105
      - x13: 1
      - x14: 1
      - x15: 1
      - x16: 1
      - x17: 1
      - x18: 1
      - x19: 1
      - x20: 1
      - x21: 1
      - x22: 1
      - x23: 1
      - x24: 1
      - x25: 1
      - x26: 1
      - x27: 1
      - x28: 1
      - x29: 1
      - x30: 1
      - x31: 5
  op_comb:
    coverage: 5/5
    detail:
      - rs1 == rs2 != rd: 1
      - rs1 == rd != rs2: 1
      - rs2 == rd != rs1: 1
      - rs1 == rs2 == rd: 1
      - rs1 != rs2  and rs1 != rd and rs2 != rd: 136
  val_comb:
    coverage: 144/144
    detail:
      - rs1_val > 0 and rs2_val > 0: 1
      - rs1_val > 0 and rs2_val < 0: 36
      - rs1_val < 0 and rs2_val < 0: 66
      - rs1_val < 0 and rs2_val > 0: 33
      - rs1_val == rs2_val: 3
      - rs1_val != rs2_val: 137
      - rs2_val == (-2**(xlen-1)): 1
      - rs2_val == 0: 2
      - rs2_val == (2**(xlen-1)-1): 1
      - rs2_val == 1: 1
      - rs1_val == (-2**(xlen-1)): 1
      - rs1_val == 0: 2
      - rs1_val == (2**(xlen-1)-1): 1
      - rs1_val == 1: 1
      - rs2_val == 2: 1
      - rs2_val == 4: 1
      - rs2_val == 8: 1
      - rs2_val == 16: 1
      - rs2_val == 32: 1
      - rs2_val == 64: 1
      - rs2_val == 128: 1
      - rs2_val == 256: 1
      - rs2_val == 512: 1
      - rs2_val == 1024: 1
      - rs2_val == 2048: 1
      - rs2_val == 4096: 1
      - rs2_val == 8192: 1
      - rs2_val == 16384: 1
      - rs2_val == 32768: 1
      - rs2_val == 65536: 1
      - rs2_val == 131072: 1
      - rs2_val == 262144: 1
      - rs2_val == 524288: 1
      - rs2_val == 1048576: 1
      - rs2_val == 2097152: 1
      - rs2_val == 4194304: 1
      - rs2_val == 8388608: 1
      - rs2_val == 16777216: 1
      - rs2_val == 33554432: 1
      - rs2_val == 67108864: 1
      - rs2_val == 134217728: 1
      - rs2_val == 268435456: 1
      - rs2_val == 536870912: 1
      - rs2_val == 1073741824: 1
      - rs2_val == -2147483648: 1
      - rs2_val == -2: 1
      - rs2_val == -3: 1
      - rs2_val == -5: 1
      - rs2_val == -9: 1
      - rs2_val == -17: 1
      - rs2_val == -33: 1
      - rs2_val == -65: 1
      - rs2_val == -129: 1
      - rs2_val == -257: 1
      - rs2_val == -513: 1
      - rs2_val == -1025: 1
      - rs2_val == -2049: 1
      - rs2_val == -4097: 1
      - rs2_val == -8193: 1
      - rs2_val == -16385: 1
      - rs2_val == -32769: 1
      - rs2_val == -65537: 1
      - rs2_val == -131073: 1
      - rs2_val == -262145: 1
      - rs2_val == -524289: 1
      - rs2_val == -1048577: 1
      - rs2_val == -2097153: 1
      - rs2_val == -4194305: 1
      - rs2_val == -8388609: 1
      - rs2_val == -16777217: 72
      - rs2_val == -33554433: 1
      - rs2_val == -67108865: 1
      - rs2_val == -134217729: 1
      - rs2_val == -268435457: 1
      - rs2_val == -536870913: 1
      - rs2_val == -1073741825: 1
      - rs2_val == 2147483647: 1
      - rs2_val == 1431655765: 1
      - rs2_val == -1431655766: 1
      - rs1_val == 2: 1
      - rs1_val == 4: 1
      - rs1_val == 8: 1
      - rs1_val == 16: 1
      - rs1_val == 32: 1
      - rs1_val == 64: 1
      - rs1_val == 128: 1
      - rs1_val == 256: 1
      - rs1_val == 512: 1
      - rs1_val == 1024: 1
      - rs1_val == 2048: 1
      - rs1_val == 4096: 1
      - rs1_val == 8192: 1
      - rs1_val == 16384: 1
      - rs1_val == 32768: 1
      - rs1_val == 65536: 1
      - rs1_val == 131072: 1
      - rs1_val == 262144: 1
      - rs1_val == 524288: 1
      - rs1_val == 1048576: 1
      - rs1_val == 2097152: 2
      - rs1_val == 4194304: 1
      - rs1_val == 8388608: 2
      - rs1_val == 16777216: 1
      - rs1_val == 33554432: 2
      - rs1_val == 67108864: 2
      - rs1_val == 134217728: 1
      - rs1_val == 268435456: 1
      - rs1_val == 536870912: 1
      - rs1_val == 1073741824: 1
      - rs1_val == -2147483648: 1
      - rs1_val == -2: 1
      - rs1_val == -3: 1
      - rs1_val == -5: 1
      - rs1_val == -9: 1
      - rs1_val == -17: 1
      - rs1_val == -33: 1
      - rs1_val == -65: 1
      - rs1_val == -129: 1
      - rs1_val == -257: 1
      - rs1_val == -513: 1
      - rs1_val == -1025: 1
      - rs1_val == -2049: 1
      - rs1_val == -4097: 1
      - rs1_val == -8193: 1
      - rs1_val == -16385: 1
      - rs1_val == -32769: 1
      - rs1_val == -65537: 1
      - rs1_val == -131073: 1
      - rs1_val == -262145: 1
      - rs1_val == -524289: 1
      - rs1_val == -1048577: 1
      - rs1_val == -2097153: 1
      - rs1_val == -4194305: 1
      - rs1_val == -8388609: 1
      - rs1_val == -16777217: 68
      - rs1_val == -33554433: 1
      - rs1_val == -67108865: 1
      - rs1_val == -134217729: 1
      - rs1_val == -268435457: 1
      - rs1_val == -536870913: 1
      - rs1_val == -1073741825: 1
      - rs1_val == 2147483647: 1
      - rs1_val == 1431655765: 1
      - rs1_val == -1431655766: 1
remu:
  coverage: 246/246
  opcode:
    coverage: 1/1
    detail:
      - remu: 140
  rs1:
    coverage: 32/32
    detail:
      - x0: 1
      - x1: 1
      - x2: 1
      - x3: 1
      - x4: 1
      - x5: 1
      - x6: 1
      - x7: 1
      - x8: 1
      - x9: 1
      - x10: 105
      - x11: 1
      - x12: 1
      - x13: 1
      - x14: 1
      - x15: 1
      - x16: 1
      - x17: 1
      - x18: 1
      - x19: 1
      - x20: 1
      - x21: 1
      - x22: 1
      - x23: 1
      - x24: 1
      - x25: 1
      - x26: 1
      - x27: 1
      - x28: 1
      - x29: 1
      - x30: 3
      - x31: 3
  rs2:
    coverage: 32/32
    detail:
      - x0: 1
      - x1: 1
      - x2: 1
      - x3: 1
      - x4: 1
      - x5: 1
      - x6: 1
      - x7: 1
      - x8: 1
      - x9: 1
      - x10: 1
      - x11: 105
      - x12: 1
      - x13: 1
      - x14: 1
      - x15: 1
      - x16: 1
      - x17: 1
      - x18: 1
      - x19: 1
      - x20: 1
      - x21: 1
      - x22: 1
      - x23: 1
      - x24: 1
      - x25: 1
      - x26: 1
      - x27: 1
      - x28: 1
      - x29: 1
      - x30: 3
      - x31: 3
  rd:
    coverage: 32/32
    detail:
      - x0: 1
      - x1: 1
      - x2: 1
      - x3: 1
      - x4: 1
      - x5: 1
      - x6: 1
      - x7: 1
      - x8: 1
      - x9: 1
      - x10: 1
      - x11: 1
      - x12: 105
      - x13: 1
      - x14: 1
      - x15: 1
      - x16: 1
      - x17: 1
      - x18: 1
      - x19: 1
      - x20: 1
      - x21: 1
      - x22: 1
      - x23: 1
      - x24: 1
      - x25: 1
      - x26: 1
      - x27: 1
      - x28: 1
      - x29: 1
      - x30: 1
      - x31: 5
  op_comb:
    coverage: 5/5
    detail:
      - rs1 == rs2 != rd: 1
      - rs1 == rd != rs2: 1
      - rs2 == rd != rs1: 1
      - rs1 == rs2 == rd: 1
      - rs1 != rs2  and rs1 != rd and rs2 != rd: 136
  val_comb:
    coverage: 144/144
    detail:
      - rs1_val > 0 and rs2_val > 0: 1
      - rs1_val > 0 and rs2_val < 0: 36
      - rs1_val < 0 and rs2_val < 0: 66
      - rs1_val < 0 and rs2_val > 0: 33
      - rs1_val == rs2_val: 3
      - rs1_val != rs2_val: 137
      - rs2_val == (-2**(xlen-1)): 1
      - rs2_val == 0: 2
      - rs2_val == (2**(xlen-1)-1): 1
      - rs2_val == 1: 1
      - rs1_val == (-2**(xlen-1)): 1
      - rs1_val == 0: 2
      - rs1_val == (2**(xlen-1)-1): 1
      - rs1_val == 1: 1
      - rs2_val == 2: 1
      - rs2_val == 4: 1
      - rs2_val == 8: 1
      - rs2_val == 16: 1
      - rs2_val == 32: 1
      - rs2_val == 64: 1
      - rs2_val == 128: 1
      - rs2_val == 256: 1
      - rs2_val == 512: 1
      - rs2_val == 1024: 1
      - rs2_val == 2048: 1
      - rs2_val == 4096: 1
      - rs2_val == 8192: 1
      - rs2_val == 16384: 1
      - rs2_val == 32768: 1
      - rs2_val == 65536: 1
      - rs2_val == 131072: 1
      - rs2_val == 262144: 1
      - rs2_val == 524288: 1
      - rs2_val == 1048576: 1
      - rs2_val == 2097152: 1
      - rs2_val == 4194304: 1
      - rs2_val == 8388608: 1
      - rs2_val == 16777216: 1
      - rs2_val == 33554432: 1
      - rs2_val == 67108864: 1
      - rs2_val == 134217728: 1
      - rs2_val == 268435456: 1
      - rs2_val == 536870912: 1
      - rs2_val == 1073741824: 1
      - rs2_val == -2147483648: 1
      - rs2_val == -2: 1
      - rs2_val == -3: 1
      - rs2_val == -5: 1
      - rs2_val == -9: 1
      - rs2_val == -17: 1
      - rs2_val == -33: 1
      - rs2_val == -65: 1
      - rs2_val == -129: 1
      - rs2_val == -257: 1
      - rs2_val == -513: 1
      - rs2_val == -1025: 1
      - rs2_val == -2049: 1
      - rs2_val == -4097: 1
      - rs2_val == -8193: 1
      - rs2_val == -16385: 1
      - rs2_val == -32769: 1
      - rs2_val == -65537: 1
      - rs2_val == -131073: 1
      - rs2_val == -262145: 1
      - rs2_val == -524289: 1
      - rs2_val == -1048577: 1
      - rs2_val == -2097153: 1
      - rs2_val == -4194305: 1
      - rs2_val == -8388609: 1
      - rs2_val == -16777217: 72
      - rs2_val == -33554433: 1
      - rs2_val == -67108865: 1
      - rs2_val == -134217729: 1
      - rs2_val == -268435457: 1
      - rs2_val == -536870913: 1
      - rs2_val == -1073741825: 1
      - rs2_val == 2147483647: 1
      - rs2_val == 1431655765: 1
      - rs2_val == -1431655766: 1
      - rs1_val == 2: 1
      - rs1_val == 4: 1
      - rs1_val == 8: 1
      - rs1_val == 16: 1
      - rs1_val == 32: 1
      - rs1_val == 64: 1
      - rs1_val == 128: 1
      - rs1_val == 256: 1
      - rs1_val == 512: 1
      - rs1_val == 1024: 1
      - rs1_val == 2048: 1
      - rs1_val == 4096: 1
      - rs1_val == 8192: 1
      - rs1_val == 16384: 1
      - rs1_val == 32768: 1
      - rs1_val == 65536: 1
      - rs1_val == 131072: 1
      - rs1_val == 262144: 1
      - rs1_val == 524288: 1
      - rs1_val == 1048576: 1
      - rs1_val == 2097152: 2
      - rs1_val == 4194304: 1
      - rs1_val == 8388608: 2
      - rs1_val == 16777216: 1
      - rs1_val == 33554432: 2
      - rs1_val == 67108864: 2
      - rs1_val == 134217728: 1
      - rs1_val == 268435456: 1
      - rs1_val == 536870912: 1
      - rs1_val == 1073741824: 1
      - rs1_val == -2147483648: 1
      - rs1_val == -2: 1
      - rs1_val == -3: 1
      - rs1_val == -5: 1
      - rs1_val == -9: 1
      - rs1_val == -17: 1
      - rs1_val == -33: 1
      - rs1_val == -65: 1
      - rs1_val == -129: 1
      - rs1_val == -257: 1
      - rs1_val == -513: 1
      - rs1_val == -1025: 1
      - rs1_val == -2049: 1
      - rs1_val == -4097: 1
      - rs1_val == -8193: 1
      - rs1_val == -16385: 1
      - rs1_val == -32769: 1
      - rs1_val == -65537: 1
      - rs1_val == -131073: 1
      - rs1_val == -262145: 1
      - rs1_val == -524289: 1
      - rs1_val == -1048577: 1
      - rs1_val == -2097153: 1
      - rs1_val == -4194305: 1
      - rs1_val == -8388609: 1
      - rs1_val == -16777217: 68
      - rs1_val == -33554433: 1
      - rs1_val == -67108865: 1
      - rs1_val == -134217729: 1
      - rs1_val == -268435457: 1
      - rs1_val == -536870913: 1
      - rs1_val == -1073741825: 1
      - rs1_val == 2147483647: 1
      - rs1_val == 1431655765: 1
      - rs1_val == -1431655766: 1
