enabling storing illegal instruction bits in mtval.
riscv_sim_RV32: unrecognized option '--enable-pmp'
Usage: riscv_sim_RV32 [options] <elf_file> [<elf_file> ...]
	 -d	 --enable-dirty-update
	 -m	 --enable-misaligned
	   	 --pmp-count
	   	 --pmp-grain
	 -N	 --enable-next
	 -z	 --ram-size
	 -C	 --disable-compressed
	 -I	 --disable-writable-misa
	 -F	 --disable-fdext
	 -i	 --mtval-has-illegal-inst-bits
	 -b	 --device-tree-blob
	 -t	 --terminal-log
	 -p	 --show-times
	 -a	 --report-arch
	 -T	 --test-signature
	 -g	 --signature-granularity
	 -h	 --help
	 -v	 --trace
	 -V	 --no-trace
	   	 --trace-output
	 -l	 --inst-limit
	 -x	 --enable-zfinx
	   	 --enable-writable-fiom
	   	 --enable-svinval
	   	 --enable-zcb
